<?xml version="1.0" encoding="UTF-8"?>
<testsuite name="com.kenzie.app.CustomHttpClientTest" tests="1" skipped="0" failures="0" errors="0" timestamp="2022-07-18T23:03:05" hostname="DESKTOP" time="0.378">
  <properties/>
  <testcase name="canSendGET()" classname="com.kenzie.app.CustomHttpClientTest" time="0.378"/>
  <system-out><![CDATA[]]></system-out>
  <system-err><![CDATA[]]></system-err>
</testsuite>
